[0.025s] Invoking command in '/home/alexander/Documents/arduinobot_ws/build/arduinobot_cpp_example': CMAKE_PREFIX_PATH=${CMAKE_PREFIX_PATH}:/home/alexander/Documents/arduinobot_ws/install/arduinobot_py_example:/home/alexander/Documents/arduinobot_ws/install/arduinobot_py:/opt/ros/humble CONDA_PROMPT_MODIFIER=(base) /usr/bin/cmake --build /home/alexander/Documents/arduinobot_ws/build/arduinobot_cpp_example -- -j12 -l12
[0.058s] [35m[1mConsolidate compiler generated dependencies of target simple_parameter[0m
[0.068s] [ 33%] Built target simple_publisher
[0.071s] [ 66%] Built target simple_subscriber
[0.076s] [ 83%] [32mBuilding CXX object CMakeFiles/simple_parameter.dir/src/simple_parameter.cpp.o[0m
[1.960s] [01m[K/home/alexander/Documents/arduinobot_ws/src/arduinobot_cpp_example/src/simple_parameter.cpp:22:9:[m[K [01;31m[Kerror: [m[Kâ€˜[01m[KOnSetParameterCallbackHandle[m[Kâ€™ does not name a type; did you mean â€˜[01m[KOnSetParametersCallbackHandle[m[Kâ€™?
[1.960s]    22 |         [01;31m[KOnSetParameterCallbackHandle[m[K::SharedPtr param_callback_handler;
[1.960s]       |         [01;31m[K^~~~~~~~~~~~~~~~~~~~~~~~~~~~[m[K
[1.960s]       |         [32m[KOnSetParametersCallbackHandle[m[K
[1.972s] [01m[K/home/alexander/Documents/arduinobot_ws/src/arduinobot_cpp_example/src/simple_parameter.cpp:[m[K In constructor â€˜[01m[KSimpleParameter::SimpleParameter()[m[Kâ€™:
[1.972s] [01m[K/home/alexander/Documents/arduinobot_ws/src/arduinobot_cpp_example/src/simple_parameter.cpp:18:13:[m[K [01;31m[Kerror: [m[Kâ€˜[01m[Kparam_callback_handler[m[Kâ€™ was not declared in this scope
[1.972s]    18 |             [01;31m[Kparam_callback_handler[m[K = add_on_set_parameters_callback(std::bind(&SimpleParameter::paramChangeCallback, this, _1));
[1.973s]       |             [01;31m[K^~~~~~~~~~~~~~~~~~~~~~[m[K
[1.984s] [01m[K/home/alexander/Documents/arduinobot_ws/src/arduinobot_cpp_example/src/simple_parameter.cpp:[m[K In function â€˜[01m[Kint main(int, char**)[m[Kâ€™:
[1.984s] [01m[K/home/alexander/Documents/arduinobot_ws/src/arduinobot_cpp_example/src/simple_parameter.cpp:51:17:[m[K [01;31m[Kerror: [m[Kno matching function for call to â€˜[01m[Kspin(std::shared_ptr<SimpleParameter>&)[m[Kâ€™
[1.985s]    51 |     [01;31m[Krclcpp::spin(node)[m[K;
[1.985s]       |     [01;31m[K~~~~~~~~~~~~^~~~~~[m[K
[1.985s] In file included from [01m[K/opt/ros/humble/include/rclcpp/rclcpp/rclcpp.hpp:155[m[K,
[1.985s]                  from [01m[K/home/alexander/Documents/arduinobot_ws/src/arduinobot_cpp_example/src/simple_parameter.cpp:1[m[K:
[1.985s] [01m[K/opt/ros/humble/include/rclcpp/rclcpp/executors.hpp:45:1:[m[K [01;36m[Knote: [m[Kcandidate: â€˜[01m[Kvoid rclcpp::spin(rclcpp::node_interfaces::NodeBaseInterface::SharedPtr)[m[Kâ€™
[1.985s]    45 | [01;36m[Kspin[m[K(rclcpp::node_interfaces::NodeBaseInterface::SharedPtr node_ptr);
[1.985s]       | [01;36m[K^~~~[m[K
[1.985s] [01m[K/opt/ros/humble/include/rclcpp/rclcpp/executors.hpp:45:60:[m[K [01;36m[Knote: [m[K  no known conversion for argument 1 from â€˜[01m[Kshared_ptr<[01;32m[KSimpleParameter[m[K>[m[Kâ€™ to â€˜[01m[Kshared_ptr<[01;32m[Krclcpp::node_interfaces::NodeBaseInterface[m[K>[m[Kâ€™
[1.985s]    45 | spin([01;36m[Krclcpp::node_interfaces::NodeBaseInterface::SharedPtr node_ptr[m[K);
[1.986s]       |      [01;36m[K~~~~~~~~~~~~~~~~~~~~~~~~~~~~~~~~~~~~~~~~~~~~~~~~~~~~~~^~~~~~~~[m[K
[1.986s] [01m[K/opt/ros/humble/include/rclcpp/rclcpp/executors.hpp:49:1:[m[K [01;36m[Knote: [m[Kcandidate: â€˜[01m[Kvoid rclcpp::spin(rclcpp::Node::SharedPtr)[m[Kâ€™
[1.986s]    49 | [01;36m[Kspin[m[K(rclcpp::Node::SharedPtr node_ptr);
[1.986s]       | [01;36m[K^~~~[m[K
[1.986s] [01m[K/opt/ros/humble/include/rclcpp/rclcpp/executors.hpp:49:30:[m[K [01;36m[Knote: [m[K  no known conversion for argument 1 from â€˜[01m[Kshared_ptr<[01;32m[KSimpleParameter[m[K>[m[Kâ€™ to â€˜[01m[Kshared_ptr<[01;32m[Krclcpp::Node[m[K>[m[Kâ€™
[1.986s]    49 | spin([01;36m[Krclcpp::Node::SharedPtr node_ptr[m[K);
[1.986s]       |      [01;36m[K~~~~~~~~~~~~~~~~~~~~~~~~^~~~~~~~[m[K
[2.356s] gmake[2]: *** [CMakeFiles/simple_parameter.dir/build.make:76: CMakeFiles/simple_parameter.dir/src/simple_parameter.cpp.o] Error 1
[2.356s] gmake[1]: *** [CMakeFiles/Makefile2:193: CMakeFiles/simple_parameter.dir/all] Error 2
[2.356s] gmake: *** [Makefile:146: all] Error 2
[2.359s] Invoked command in '/home/alexander/Documents/arduinobot_ws/build/arduinobot_cpp_example' returned '2': CMAKE_PREFIX_PATH=${CMAKE_PREFIX_PATH}:/home/alexander/Documents/arduinobot_ws/install/arduinobot_py_example:/home/alexander/Documents/arduinobot_ws/install/arduinobot_py:/opt/ros/humble CONDA_PROMPT_MODIFIER=(base) /usr/bin/cmake --build /home/alexander/Documents/arduinobot_ws/build/arduinobot_cpp_example -- -j12 -l12
