[01m[K/home/alexander/Documents/arduinobot_ws/src/arduinobot_cpp_example/src/simple_publisher.cpp:[m[K In constructor â€˜[01m[KSimplePublisher::SimplePublisher()[m[Kâ€™:
[01m[K/home/alexander/Documents/arduinobot_ws/src/arduinobot_cpp_example/src/simple_publisher.cpp:14:71:[m[K [01;31m[Kerror: [m[Kinvalid use of non-static member function â€˜[01m[Kvoid SimplePublisher::timerCallback()[m[Kâ€™
   14 |             timer_ = create_wall_timer(1s, std::bind([01;31m[KSimplePublisher::timerCallback[m[K, this));
      |                                                      [01;31m[K~~~~~~~~~~~~~~~~~^~~~~~~~~~~~~[m[K
[01m[K/home/alexander/Documents/arduinobot_ws/src/arduinobot_cpp_example/src/simple_publisher.cpp:19:14:[m[K [01;36m[Knote: [m[Kdeclared here
   19 |         void [01;36m[KtimerCallback[m[K()
      |              [01;36m[K^~~~~~~~~~~~~[m[K
gmake[2]: *** [CMakeFiles/simple_publisher.dir/build.make:76: CMakeFiles/simple_publisher.dir/src/simple_publisher.cpp.o] Error 1
gmake[1]: *** [CMakeFiles/Makefile2:137: CMakeFiles/simple_publisher.dir/all] Error 2
gmake: *** [Makefile:146: all] Error 2
