-- Found ament_cmake: 1.3.5 (/opt/ros/humble/share/ament_cmake/cmake)
-- Found rclcpp: 16.0.5 (/opt/ros/humble/share/rclcpp/cmake)
-- Found rosidl_generator_c: 3.1.5 (/opt/ros/humble/share/rosidl_generator_c/cmake)
-- Found rosidl_adapter: 3.1.5 (/opt/ros/humble/share/rosidl_adapter/cmake)
-- Found rosidl_generator_cpp: 3.1.5 (/opt/ros/humble/share/rosidl_generator_cpp/cmake)
-- Using all available rosidl_typesupport_c: rosidl_typesupport_fastrtps_c;rosidl_typesupport_introspection_c
-- Using all available rosidl_typesupport_cpp: rosidl_typesupport_fastrtps_cpp;rosidl_typesupport_introspection_cpp
-- Found rmw_implementation_cmake: 6.1.1 (/opt/ros/humble/share/rmw_implementation_cmake/cmake)
-- Found rmw_fastrtps_cpp: 6.2.3 (/opt/ros/humble/share/rmw_fastrtps_cpp/cmake)
-- Using RMW implementation 'rmw_fastrtps_cpp' as default
-- Found ament_lint_auto: 0.12.7 (/opt/ros/humble/share/ament_lint_auto/cmake)
-- Added test 'cppcheck' to perform static code analysis on C / C++ code
-- Configured cppcheck include dirs: 
-- Configured cppcheck exclude dirs and/or files: 
-- Added test 'lint_cmake' to check CMake code style
-- Added test 'uncrustify' to check C / C++ code style
-- Configured uncrustify additional arguments: 
-- Added test 'xmllint' to check XML markup files
-- Configuring done
-- Generating done
-- Build files have been written to: /home/alexander/Documents/arduinobot_ws/build/arduinobot_cpp_example
[35m[1mConsolidate compiler generated dependencies of target simple_subscriber[0m
[35m[1mConsolidate compiler generated dependencies of target simple_publisher[0m
[ 16%] [32mBuilding CXX object CMakeFiles/simple_parameter.dir/src/simple_parameter.cpp.o[0m
[ 83%] Built target simple_publisher
[ 83%] Built target simple_subscriber
[01m[K/home/alexander/Documents/arduinobot_ws/src/arduinobot_cpp_example/src/simple_parameter.cpp:7:28:[m[K [01;31m[Kerror: [m[Kexpected â€˜[01m[K;[m[Kâ€™ before â€˜[01m[Kclass[m[Kâ€™
    7 | using std::placeholders::_1
      |                            [01;31m[K^[m[K
      |                            [32m[K;[m[K
......
   10 | [32m[Kclass[m[K SimpleParameter : rclcpp::Node
      | [32m[K~~~~~[m[K                       
[01m[K/home/alexander/Documents/arduinobot_ws/src/arduinobot_cpp_example/src/simple_parameter.cpp:22:9:[m[K [01;31m[Kerror: [m[Kâ€˜[01m[KOnSetParameterCallbackHandle[m[Kâ€™ does not name a type; did you mean â€˜[01m[KOnSetParametersCallbackHandle[m[Kâ€™?
   22 |         [01;31m[KOnSetParameterCallbackHandle[m[K::SharedPtr param_callback_handler;
      |         [01;31m[K^~~~~~~~~~~~~~~~~~~~~~~~~~~~[m[K
      |         [32m[KOnSetParametersCallbackHandle[m[K
[01m[K/home/alexander/Documents/arduinobot_ws/src/arduinobot_cpp_example/src/simple_parameter.cpp:[m[K In constructor â€˜[01m[KSimpleParameter::SimpleParameter()[m[Kâ€™:
[01m[K/home/alexander/Documents/arduinobot_ws/src/arduinobot_cpp_example/src/simple_parameter.cpp:18:13:[m[K [01;31m[Kerror: [m[Kâ€˜[01m[Kparam_callback_handler[m[Kâ€™ was not declared in this scope
   18 |             [01;31m[Kparam_callback_handler[m[K = add_on_set_parameters_callback(std::bind(&SimpleParameter::paramChangeCallback, this, _1));
      |             [01;31m[K^~~~~~~~~~~~~~~~~~~~~~[m[K
[01m[K/home/alexander/Documents/arduinobot_ws/src/arduinobot_cpp_example/src/simple_parameter.cpp:[m[K In member function â€˜[01m[Krcl_interfaces::msg::SetParametersResult SimpleParameter::paramChangeCallback(std::vector<rclcpp::Parameter>)[m[Kâ€™:
[01m[K/home/alexander/Documents/arduinobot_ws/src/arduinobot_cpp_example/src/simple_parameter.cpp:30:26:[m[K [01;31m[Kerror: [m[Kâ€˜[01m[Kconst class rclcpp::Parameter[m[Kâ€™ has no member named â€˜[01m[Kname[m[Kâ€™; did you mean â€˜[01m[Kstd::string rclcpp::Parameter::name_[m[Kâ€™? (not accessible from this context)
   30 |                 if(param.[01;31m[Kname[m[K == "simple_int_parameter" && param.get_type() == rclcpp::ParameterType::PARAMETER_INTEGER)
      |                          [01;31m[K^~~~[m[K
In file included from [01m[K/opt/ros/humble/include/rclcpp/rclcpp/node_interfaces/node_parameters_interface.hpp:28[m[K,
                 from [01m[K/opt/ros/humble/include/rclcpp/rclcpp/node.hpp:54[m[K,
                 from [01m[K/opt/ros/humble/include/rclcpp/rclcpp/executors/single_threaded_executor.hpp:28[m[K,
                 from [01m[K/opt/ros/humble/include/rclcpp/rclcpp/executors.hpp:22[m[K,
                 from [01m[K/opt/ros/humble/include/rclcpp/rclcpp/rclcpp.hpp:155[m[K,
                 from [01m[K/home/alexander/Documents/arduinobot_ws/src/arduinobot_cpp_example/src/simple_parameter.cpp:1[m[K:
[01m[K/opt/ros/humble/include/rclcpp/rclcpp/parameter.hpp:215:15:[m[K [01;36m[Knote: [m[Kdeclared private here
  215 |   std::string [01;36m[Kname_[m[K;
      |               [01;36m[K^~~~~[m[K
[01m[K/home/alexander/Documents/arduinobot_ws/src/arduinobot_cpp_example/src/simple_parameter.cpp:36:26:[m[K [01;31m[Kerror: [m[Kâ€˜[01m[Kconst class rclcpp::Parameter[m[Kâ€™ has no member named â€˜[01m[Kname[m[Kâ€™; did you mean â€˜[01m[Kstd::string rclcpp::Parameter::name_[m[Kâ€™? (not accessible from this context)
   36 |                 if(param.[01;31m[Kname[m[K == "simple_string_param" && param.get_type() == rclcpp::ParameterType::PARAMETER_STRING)
      |                          [01;31m[K^~~~[m[K
In file included from [01m[K/opt/ros/humble/include/rclcpp/rclcpp/node_interfaces/node_parameters_interface.hpp:28[m[K,
                 from [01m[K/opt/ros/humble/include/rclcpp/rclcpp/node.hpp:54[m[K,
                 from [01m[K/opt/ros/humble/include/rclcpp/rclcpp/executors/single_threaded_executor.hpp:28[m[K,
                 from [01m[K/opt/ros/humble/include/rclcpp/rclcpp/executors.hpp:22[m[K,
                 from [01m[K/opt/ros/humble/include/rclcpp/rclcpp/rclcpp.hpp:155[m[K,
                 from [01m[K/home/alexander/Documents/arduinobot_ws/src/arduinobot_cpp_example/src/simple_parameter.cpp:1[m[K:
[01m[K/opt/ros/humble/include/rclcpp/rclcpp/parameter.hpp:215:15:[m[K [01;36m[Knote: [m[Kdeclared private here
  215 |   std::string [01;36m[Kname_[m[K;
      |               [01;36m[K^~~~~[m[K
[01m[K/home/alexander/Documents/arduinobot_ws/src/arduinobot_cpp_example/src/simple_parameter.cpp:[m[K In function â€˜[01m[Kint main(int, char**)[m[Kâ€™:
[01m[K/home/alexander/Documents/arduinobot_ws/src/arduinobot_cpp_example/src/simple_parameter.cpp:51:17:[m[K [01;31m[Kerror: [m[Kno matching function for call to â€˜[01m[Kspin(std::shared_ptr<SimpleParameter>&)[m[Kâ€™
   51 |     [01;31m[Krclcpp::spin(node)[m[K;
      |     [01;31m[K~~~~~~~~~~~~^~~~~~[m[K
In file included from [01m[K/opt/ros/humble/include/rclcpp/rclcpp/rclcpp.hpp:155[m[K,
                 from [01m[K/home/alexander/Documents/arduinobot_ws/src/arduinobot_cpp_example/src/simple_parameter.cpp:1[m[K:
[01m[K/opt/ros/humble/include/rclcpp/rclcpp/executors.hpp:45:1:[m[K [01;36m[Knote: [m[Kcandidate: â€˜[01m[Kvoid rclcpp::spin(rclcpp::node_interfaces::NodeBaseInterface::SharedPtr)[m[Kâ€™
   45 | [01;36m[Kspin[m[K(rclcpp::node_interfaces::NodeBaseInterface::SharedPtr node_ptr);
      | [01;36m[K^~~~[m[K
[01m[K/opt/ros/humble/include/rclcpp/rclcpp/executors.hpp:45:60:[m[K [01;36m[Knote: [m[K  no known conversion for argument 1 from â€˜[01m[Kshared_ptr<[01;32m[KSimpleParameter[m[K>[m[Kâ€™ to â€˜[01m[Kshared_ptr<[01;32m[Krclcpp::node_interfaces::NodeBaseInterface[m[K>[m[Kâ€™
   45 | spin([01;36m[Krclcpp::node_interfaces::NodeBaseInterface::SharedPtr node_ptr[m[K);
      |      [01;36m[K~~~~~~~~~~~~~~~~~~~~~~~~~~~~~~~~~~~~~~~~~~~~~~~~~~~~~~^~~~~~~~[m[K
[01m[K/opt/ros/humble/include/rclcpp/rclcpp/executors.hpp:49:1:[m[K [01;36m[Knote: [m[Kcandidate: â€˜[01m[Kvoid rclcpp::spin(rclcpp::Node::SharedPtr)[m[Kâ€™
   49 | [01;36m[Kspin[m[K(rclcpp::Node::SharedPtr node_ptr);
      | [01;36m[K^~~~[m[K
[01m[K/opt/ros/humble/include/rclcpp/rclcpp/executors.hpp:49:30:[m[K [01;36m[Knote: [m[K  no known conversion for argument 1 from â€˜[01m[Kshared_ptr<[01;32m[KSimpleParameter[m[K>[m[Kâ€™ to â€˜[01m[Kshared_ptr<[01;32m[Krclcpp::Node[m[K>[m[Kâ€™
   49 | spin([01;36m[Krclcpp::Node::SharedPtr node_ptr[m[K);
      |      [01;36m[K~~~~~~~~~~~~~~~~~~~~~~~~^~~~~~~~[m[K
gmake[2]: *** [CMakeFiles/simple_parameter.dir/build.make:76: CMakeFiles/simple_parameter.dir/src/simple_parameter.cpp.o] Error 1
gmake[1]: *** [CMakeFiles/Makefile2:193: CMakeFiles/simple_parameter.dir/all] Error 2
gmake: *** [Makefile:146: all] Error 2
