[0.029s] Invoking command in '/home/alexander/Documents/arduinobot_ws/build/arduinobot_cpp_example': CMAKE_PREFIX_PATH=${CMAKE_PREFIX_PATH}:/home/alexander/Documents/arduinobot_ws/install/arduinobot_py_example:/home/alexander/Documents/arduinobot_ws/install/arduinobot_py:/opt/ros/humble CONDA_PROMPT_MODIFIER=(base) /usr/bin/cmake --build /home/alexander/Documents/arduinobot_ws/build/arduinobot_cpp_example -- -j12 -l12
[0.047s] -- Found ament_cmake: 1.3.5 (/opt/ros/humble/share/ament_cmake/cmake)
[0.172s] -- Found rclcpp: 16.0.5 (/opt/ros/humble/share/rclcpp/cmake)
[0.199s] -- Found rosidl_generator_c: 3.1.5 (/opt/ros/humble/share/rosidl_generator_c/cmake)
[0.201s] -- Found rosidl_adapter: 3.1.5 (/opt/ros/humble/share/rosidl_adapter/cmake)
[0.206s] -- Found rosidl_generator_cpp: 3.1.5 (/opt/ros/humble/share/rosidl_generator_cpp/cmake)
[0.215s] -- Using all available rosidl_typesupport_c: rosidl_typesupport_fastrtps_c;rosidl_typesupport_introspection_c
[0.228s] -- Using all available rosidl_typesupport_cpp: rosidl_typesupport_fastrtps_cpp;rosidl_typesupport_introspection_cpp
[0.289s] -- Found rmw_implementation_cmake: 6.1.1 (/opt/ros/humble/share/rmw_implementation_cmake/cmake)
[0.291s] -- Found rmw_fastrtps_cpp: 6.2.3 (/opt/ros/humble/share/rmw_fastrtps_cpp/cmake)
[0.393s] -- Using RMW implementation 'rmw_fastrtps_cpp' as default
[0.544s] -- Found ament_lint_auto: 0.12.7 (/opt/ros/humble/share/ament_lint_auto/cmake)
[0.636s] -- Added test 'cppcheck' to perform static code analysis on C / C++ code
[0.636s] -- Configured cppcheck include dirs: 
[0.636s] -- Configured cppcheck exclude dirs and/or files: 
[0.637s] -- Added test 'lint_cmake' to check CMake code style
[0.637s] -- Added test 'uncrustify' to check C / C++ code style
[0.637s] -- Configured uncrustify additional arguments: 
[0.638s] -- Added test 'xmllint' to check XML markup files
[0.639s] -- Configuring done
[0.652s] -- Generating done
[0.654s] -- Build files have been written to: /home/alexander/Documents/arduinobot_ws/build/arduinobot_cpp_example
[0.678s] [35m[1mConsolidate compiler generated dependencies of target simple_subscriber[0m
[0.678s] [35m[1mConsolidate compiler generated dependencies of target simple_publisher[0m
[0.685s] [ 16%] [32mBuilding CXX object CMakeFiles/simple_parameter.dir/src/simple_parameter.cpp.o[0m
[0.697s] [ 83%] Built target simple_publisher
[0.697s] [ 83%] Built target simple_subscriber
[2.514s] [01m[K/home/alexander/Documents/arduinobot_ws/src/arduinobot_cpp_example/src/simple_parameter.cpp:7:28:[m[K [01;31m[Kerror: [m[Kexpected â€˜[01m[K;[m[Kâ€™ before â€˜[01m[Kclass[m[Kâ€™
[2.514s]     7 | using std::placeholders::_1
[2.514s]       |                            [01;31m[K^[m[K
[2.514s]       |                            [32m[K;[m[K
[2.514s] ......
[2.515s]    10 | [32m[Kclass[m[K SimpleParameter : rclcpp::Node
[2.515s]       | [32m[K~~~~~[m[K                       
[2.519s] [01m[K/home/alexander/Documents/arduinobot_ws/src/arduinobot_cpp_example/src/simple_parameter.cpp:22:9:[m[K [01;31m[Kerror: [m[Kâ€˜[01m[KOnSetParameterCallbackHandle[m[Kâ€™ does not name a type; did you mean â€˜[01m[KOnSetParametersCallbackHandle[m[Kâ€™?
[2.519s]    22 |         [01;31m[KOnSetParameterCallbackHandle[m[K::SharedPtr param_callback_handler;
[2.519s]       |         [01;31m[K^~~~~~~~~~~~~~~~~~~~~~~~~~~~[m[K
[2.519s]       |         [32m[KOnSetParametersCallbackHandle[m[K
[2.530s] [01m[K/home/alexander/Documents/arduinobot_ws/src/arduinobot_cpp_example/src/simple_parameter.cpp:[m[K In constructor â€˜[01m[KSimpleParameter::SimpleParameter()[m[Kâ€™:
[2.530s] [01m[K/home/alexander/Documents/arduinobot_ws/src/arduinobot_cpp_example/src/simple_parameter.cpp:18:13:[m[K [01;31m[Kerror: [m[Kâ€˜[01m[Kparam_callback_handler[m[Kâ€™ was not declared in this scope
[2.530s]    18 |             [01;31m[Kparam_callback_handler[m[K = add_on_set_parameters_callback(std::bind(&SimpleParameter::paramChangeCallback, this, _1));
[2.531s]       |             [01;31m[K^~~~~~~~~~~~~~~~~~~~~~[m[K
[2.538s] [01m[K/home/alexander/Documents/arduinobot_ws/src/arduinobot_cpp_example/src/simple_parameter.cpp:[m[K In member function â€˜[01m[Krcl_interfaces::msg::SetParametersResult SimpleParameter::paramChangeCallback(std::vector<rclcpp::Parameter>)[m[Kâ€™:
[2.539s] [01m[K/home/alexander/Documents/arduinobot_ws/src/arduinobot_cpp_example/src/simple_parameter.cpp:30:26:[m[K [01;31m[Kerror: [m[Kâ€˜[01m[Kconst class rclcpp::Parameter[m[Kâ€™ has no member named â€˜[01m[Kname[m[Kâ€™; did you mean â€˜[01m[Kstd::string rclcpp::Parameter::name_[m[Kâ€™? (not accessible from this context)
[2.539s]    30 |                 if(param.[01;31m[Kname[m[K == "simple_int_parameter" && param.get_type() == rclcpp::ParameterType::PARAMETER_INTEGER)
[2.539s]       |                          [01;31m[K^~~~[m[K
[2.539s] In file included from [01m[K/opt/ros/humble/include/rclcpp/rclcpp/node_interfaces/node_parameters_interface.hpp:28[m[K,
[2.539s]                  from [01m[K/opt/ros/humble/include/rclcpp/rclcpp/node.hpp:54[m[K,
[2.540s]                  from [01m[K/opt/ros/humble/include/rclcpp/rclcpp/executors/single_threaded_executor.hpp:28[m[K,
[2.540s]                  from [01m[K/opt/ros/humble/include/rclcpp/rclcpp/executors.hpp:22[m[K,
[2.540s]                  from [01m[K/opt/ros/humble/include/rclcpp/rclcpp/rclcpp.hpp:155[m[K,
[2.540s]                  from [01m[K/home/alexander/Documents/arduinobot_ws/src/arduinobot_cpp_example/src/simple_parameter.cpp:1[m[K:
[2.540s] [01m[K/opt/ros/humble/include/rclcpp/rclcpp/parameter.hpp:215:15:[m[K [01;36m[Knote: [m[Kdeclared private here
[2.540s]   215 |   std::string [01;36m[Kname_[m[K;
[2.540s]       |               [01;36m[K^~~~~[m[K
[2.541s] [01m[K/home/alexander/Documents/arduinobot_ws/src/arduinobot_cpp_example/src/simple_parameter.cpp:36:26:[m[K [01;31m[Kerror: [m[Kâ€˜[01m[Kconst class rclcpp::Parameter[m[Kâ€™ has no member named â€˜[01m[Kname[m[Kâ€™; did you mean â€˜[01m[Kstd::string rclcpp::Parameter::name_[m[Kâ€™? (not accessible from this context)
[2.541s]    36 |                 if(param.[01;31m[Kname[m[K == "simple_string_param" && param.get_type() == rclcpp::ParameterType::PARAMETER_STRING)
[2.541s]       |                          [01;31m[K^~~~[m[K
[2.541s] In file included from [01m[K/opt/ros/humble/include/rclcpp/rclcpp/node_interfaces/node_parameters_interface.hpp:28[m[K,
[2.541s]                  from [01m[K/opt/ros/humble/include/rclcpp/rclcpp/node.hpp:54[m[K,
[2.541s]                  from [01m[K/opt/ros/humble/include/rclcpp/rclcpp/executors/single_threaded_executor.hpp:28[m[K,
[2.542s]                  from [01m[K/opt/ros/humble/include/rclcpp/rclcpp/executors.hpp:22[m[K,
[2.542s]                  from [01m[K/opt/ros/humble/include/rclcpp/rclcpp/rclcpp.hpp:155[m[K,
[2.542s]                  from [01m[K/home/alexander/Documents/arduinobot_ws/src/arduinobot_cpp_example/src/simple_parameter.cpp:1[m[K:
[2.542s] [01m[K/opt/ros/humble/include/rclcpp/rclcpp/parameter.hpp:215:15:[m[K [01;36m[Knote: [m[Kdeclared private here
[2.542s]   215 |   std::string [01;36m[Kname_[m[K;
[2.543s]       |               [01;36m[K^~~~~[m[K
[2.543s] [01m[K/home/alexander/Documents/arduinobot_ws/src/arduinobot_cpp_example/src/simple_parameter.cpp:[m[K In function â€˜[01m[Kint main(int, char**)[m[Kâ€™:
[2.543s] [01m[K/home/alexander/Documents/arduinobot_ws/src/arduinobot_cpp_example/src/simple_parameter.cpp:51:17:[m[K [01;31m[Kerror: [m[Kno matching function for call to â€˜[01m[Kspin(std::shared_ptr<SimpleParameter>&)[m[Kâ€™
[2.543s]    51 |     [01;31m[Krclcpp::spin(node)[m[K;
[2.543s]       |     [01;31m[K~~~~~~~~~~~~^~~~~~[m[K
[2.543s] In file included from [01m[K/opt/ros/humble/include/rclcpp/rclcpp/rclcpp.hpp:155[m[K,
[2.544s]                  from [01m[K/home/alexander/Documents/arduinobot_ws/src/arduinobot_cpp_example/src/simple_parameter.cpp:1[m[K:
[2.544s] [01m[K/opt/ros/humble/include/rclcpp/rclcpp/executors.hpp:45:1:[m[K [01;36m[Knote: [m[Kcandidate: â€˜[01m[Kvoid rclcpp::spin(rclcpp::node_interfaces::NodeBaseInterface::SharedPtr)[m[Kâ€™
[2.544s]    45 | [01;36m[Kspin[m[K(rclcpp::node_interfaces::NodeBaseInterface::SharedPtr node_ptr);
[2.544s]       | [01;36m[K^~~~[m[K
[2.544s] [01m[K/opt/ros/humble/include/rclcpp/rclcpp/executors.hpp:45:60:[m[K [01;36m[Knote: [m[K  no known conversion for argument 1 from â€˜[01m[Kshared_ptr<[01;32m[KSimpleParameter[m[K>[m[Kâ€™ to â€˜[01m[Kshared_ptr<[01;32m[Krclcpp::node_interfaces::NodeBaseInterface[m[K>[m[Kâ€™
[2.544s]    45 | spin([01;36m[Krclcpp::node_interfaces::NodeBaseInterface::SharedPtr node_ptr[m[K);
[2.545s]       |      [01;36m[K~~~~~~~~~~~~~~~~~~~~~~~~~~~~~~~~~~~~~~~~~~~~~~~~~~~~~~^~~~~~~~[m[K
[2.545s] [01m[K/opt/ros/humble/include/rclcpp/rclcpp/executors.hpp:49:1:[m[K [01;36m[Knote: [m[Kcandidate: â€˜[01m[Kvoid rclcpp::spin(rclcpp::Node::SharedPtr)[m[Kâ€™
[2.545s]    49 | [01;36m[Kspin[m[K(rclcpp::Node::SharedPtr node_ptr);
[2.545s]       | [01;36m[K^~~~[m[K
[2.545s] [01m[K/opt/ros/humble/include/rclcpp/rclcpp/executors.hpp:49:30:[m[K [01;36m[Knote: [m[K  no known conversion for argument 1 from â€˜[01m[Kshared_ptr<[01;32m[KSimpleParameter[m[K>[m[Kâ€™ to â€˜[01m[Kshared_ptr<[01;32m[Krclcpp::Node[m[K>[m[Kâ€™
[2.545s]    49 | spin([01;36m[Krclcpp::Node::SharedPtr node_ptr[m[K);
[2.546s]       |      [01;36m[K~~~~~~~~~~~~~~~~~~~~~~~~^~~~~~~~[m[K
[2.902s] gmake[2]: *** [CMakeFiles/simple_parameter.dir/build.make:76: CMakeFiles/simple_parameter.dir/src/simple_parameter.cpp.o] Error 1
[2.902s] gmake[1]: *** [CMakeFiles/Makefile2:193: CMakeFiles/simple_parameter.dir/all] Error 2
[2.902s] gmake: *** [Makefile:146: all] Error 2
[2.904s] Invoked command in '/home/alexander/Documents/arduinobot_ws/build/arduinobot_cpp_example' returned '2': CMAKE_PREFIX_PATH=${CMAKE_PREFIX_PATH}:/home/alexander/Documents/arduinobot_ws/install/arduinobot_py_example:/home/alexander/Documents/arduinobot_ws/install/arduinobot_py:/opt/ros/humble CONDA_PROMPT_MODIFIER=(base) /usr/bin/cmake --build /home/alexander/Documents/arduinobot_ws/build/arduinobot_cpp_example -- -j12 -l12
